<?xml version="1.0" encoding="UTF-8"?>
<!-- Generated by org.testng.reporters.JUnitXMLReporter -->
<testsuite ignored="0" hostname="DESKTOP-CG5NQD4" failures="1" tests="5" name="Test" time="44.889" errors="0" timestamp="2024-07-17T21:39:25 IST">
  <testcase classname="ecommerce.Project.Test_Case6" name="Search_shoes" time="18.315"/>
  <testcase classname="ecommerce.Project.Test_Case5" name="Search_shoes" time="7.866"/>
  <testcase classname="ecommerce.Project.Test_Case2" name="login_to_Amazon_Valid_Cred" time="8.862"/>
  <testcase classname="ecommerce.Project.Test_Case3" name="login_to_Amazon_inValid_Cred" time="5.186">
    <failure type="java.lang.AssertionError" message="invalid mobile number expected [Amazon Sign In] but found []">
      <![CDATA[java.lang.AssertionError: invalid mobile number expected [Amazon Sign In] but found []
at ecommerce.Project.Test_Case3.login_to_Amazon_inValid_Cred(Test_Case3.java:24)
at java.base/java.util.ArrayList.forEach(ArrayList.java:1511)
... Removed 36 stack frames]]>
    </failure>
  </testcase> <!-- login_to_Amazon_inValid_Cred -->
  <testcase classname="ecommerce.Project.Test_Case1" name="new_user_registration" time="4.6"/>
</testsuite> <!-- Test -->
